npm verb cli C:\Program Files\nodejs\node.exe C:\Users\gabia\AppData\Roaming\npm\node_modules\npm\bin\npm-cli.js
npm info using npm@10.5.1
npm info using node@v20.12.0
npm verb title npm install
npm verb argv "install" "--legacy-peer-deps" "--loglevel" "verbose"
npm verb logfile logs-max:10 dir:C:\Users\gabia\AppData\Local\npm-cache\_logs\2024-08-13T22_42_35_790Z-
npm verb logfile C:\Users\gabia\AppData\Local\npm-cache\_logs\2024-08-13T22_42_35_790Z-debug-0.log
npm http fetch GET 200 https://registry.npmjs.org/@faker-js%2ffaker 442ms (cache revalidated)
npm http fetch GET 200 https://registry.npmjs.org/cypress-mochawesome-reporter 613ms (cache revalidated)
npm http fetch GET 200 https://registry.npmjs.org/browserstack-cypress-cli 617ms (cache revalidated)
npm http fetch GET 200 https://registry.npmjs.org/cypress 108ms (cache revalidated)
npm http fetch GET 200 https://registry.npmjs.org/async 64ms (cache revalidated)
npm http fetch GET 200 https://registry.npmjs.org/archiver 152ms (cache revalidated)
npm http fetch GET 200 https://registry.npmjs.org/chalk 158ms (cache revalidated)
npm http fetch GET 200 https://registry.npmjs.org/cli-progress 166ms (cache revalidated)
npm http fetch GET 200 https://registry.npmjs.org/fs-extra 171ms (cache revalidated)
npm http fetch GET 200 https://registry.npmjs.org/glob 173ms (cache revalidated)
npm http fetch GET 200 https://registry.npmjs.org/git-repo-info 187ms (cache revalidated)
npm http fetch GET 200 https://registry.npmjs.org/browserstack-local 219ms (cache revalidated)
npm http fetch GET 200 https://registry.npmjs.org/mkdirp 71ms (cache revalidated)
npm http fetch GET 200 https://registry.npmjs.org/request 71ms (cache revalidated)
npm http fetch GET 200 https://registry.npmjs.org/table 76ms (cache revalidated)
npm http fetch GET 200 https://registry.npmjs.org/uuid 45ms (cache revalidated)
npm http fetch GET 200 https://registry.npmjs.org/node-ipc 113ms (cache revalidated)
npm http fetch GET 200 https://registry.npmjs.org/update-notifier 92ms (cache revalidated)
npm http fetch GET 200 https://registry.npmjs.org/windows-release 64ms (cache revalidated)
npm http fetch GET 200 https://registry.npmjs.org/yargs 47ms (cache revalidated)
npm http fetch GET 200 https://registry.npmjs.org/arch 65ms (cache revalidated)
npm http fetch GET 200 https://registry.npmjs.org/debug 39ms (cache revalidated)
npm http fetch GET 200 https://registry.npmjs.org/dayjs 67ms (cache revalidated)
npm http fetch GET 200 https://registry.npmjs.org/execa 50ms (cache revalidated)
npm http fetch GET 200 https://registry.npmjs.org/getos 53ms (cache revalidated)
npm http fetch GET 200 https://registry.npmjs.org/is-ci 46ms (cache revalidated)
npm http fetch GET 200 https://registry.npmjs.org/yauzl 50ms (cache revalidated)
npm http fetch GET 200 https://registry.npmjs.org/buffer 47ms (cache revalidated)
npm http fetch GET 200 https://registry.npmjs.org/listr2 52ms (cache revalidated)
npm http fetch GET 200 https://registry.npmjs.org/lodash 60ms (cache revalidated)
npm http fetch GET 200 https://registry.npmjs.org/ospath 64ms (cache revalidated)
npm http fetch GET 200 https://registry.npmjs.org/semver 57ms (cache revalidated)
npm http fetch GET 200 https://registry.npmjs.org/bluebird 71ms (cache revalidated)
npm http fetch GET 200 https://registry.npmjs.org/figures 92ms (cache revalidated)
npm http fetch GET 200 https://registry.npmjs.org/cachedir 49ms (cache revalidated)
npm http fetch GET 200 https://registry.npmjs.org/enquirer 52ms (cache revalidated)
npm http fetch GET 200 https://registry.npmjs.org/gitconfiglocal 699ms (cache revalidated)
npm http fetch GET 200 https://registry.npmjs.org/lazy-ass 55ms (cache revalidated)
npm http fetch GET 200 https://registry.npmjs.org/minimist 47ms (cache revalidated)
npm http fetch GET 200 https://registry.npmjs.org/blob-util 40ms (cache revalidated)
npm http fetch GET 200 https://registry.npmjs.org/git-last-commit 761ms (cache revalidated)
npm http fetch GET 200 https://registry.npmjs.org/commander 53ms (cache revalidated)
npm http fetch GET 200 https://registry.npmjs.org/mocha 718ms (cache revalidated)
npm http fetch GET 200 https://registry.npmjs.org/untildify 126ms (cache revalidated)
npm http fetch GET 200 https://registry.npmjs.org/cli-cursor 104ms (cache revalidated)
npm http fetch GET 200 https://registry.npmjs.org/getmac 856ms (cache revalidated)
npm http fetch GET 200 https://registry.npmjs.org/cli-table3 111ms (cache revalidated)
npm http fetch GET 200 https://registry.npmjs.org/requestretry 709ms (cache revalidated)
npm http fetch GET 200 https://registry.npmjs.org/tmp 613ms (cache revalidated)
npm http fetch GET 200 https://registry.npmjs.org/decompress 631ms (cache revalidated)
npm http fetch GET 200 https://registry.npmjs.org/executable 141ms (cache revalidated)
npm http fetch GET 200 https://registry.npmjs.org/common-tags 116ms (cache revalidated)
npm http fetch GET 200 https://registry.npmjs.org/pretty-bytes 69ms (cache revalidated)
npm http fetch GET 200 https://registry.npmjs.org/extract-zip 109ms (cache revalidated)
npm http fetch GET 200 https://registry.npmjs.org/log-symbols 111ms (cache revalidated)
npm http fetch GET 200 https://registry.npmjs.org/@types%2fsizzle 80ms (cache revalidated)
npm http fetch GET 200 https://registry.npmjs.org/eventemitter2 74ms (cache revalidated)
npm http fetch GET 200 https://registry.npmjs.org/supports-color 55ms (cache revalidated)
npm http fetch GET 200 https://registry.npmjs.org/winston 742ms (cache revalidated)
npm http fetch GET 200 https://registry.npmjs.org/proxy-from-env 103ms (cache revalidated)
npm http fetch GET 200 https://registry.npmjs.org/request-progress 62ms (cache revalidated)
npm http fetch GET 200 https://registry.npmjs.org/check-more-types 86ms (cache revalidated)
npm http fetch GET 200 https://registry.npmjs.org/is-installed-globally 78ms (cache revalidated)
npm http fetch GET 200 https://registry.npmjs.org/mochawesome-report-generator 55ms (cache revalidated)
npm http fetch GET 200 https://registry.npmjs.org/@types%2fsinonjs__fake-timers 92ms (cache revalidated)
npm http fetch GET 200 https://registry.npmjs.org/process 606ms (cache revalidated)
npm http fetch GET 200 https://registry.npmjs.org/@cypress%2frequest 242ms (cache revalidated)
npm http fetch GET 200 https://registry.npmjs.org/@cypress%2fxvfb 359ms (cache revalidated)
npm http fetch GET 200 https://registry.npmjs.org/mochawesome 632ms (cache revalidated)
npm http fetch GET 200 https://registry.npmjs.org/mochawesome-merge 682ms (cache revalidated)
npm http fetch GET 200 https://registry.npmjs.org/temp-fs 60ms (cache revalidated)
npm http fetch GET 200 https://registry.npmjs.org/is-running 70ms (cache revalidated)
npm http fetch GET 200 https://registry.npmjs.org/agent-base 70ms (cache revalidated)
npm http fetch GET 200 https://registry.npmjs.org/https-proxy-agent 75ms (cache revalidated)
npm http fetch GET 200 https://registry.npmjs.org/readable-stream 83ms (cache revalidated)
npm http fetch GET 200 https://registry.npmjs.org/archiver-utils 89ms (cache revalidated)
npm http fetch GET 200 https://registry.npmjs.org/tar-stream 94ms (cache revalidated)
npm http fetch GET 200 https://registry.npmjs.org/buffer-crc32 100ms (cache revalidated)
npm http fetch GET 200 https://registry.npmjs.org/zip-stream 102ms (cache revalidated)
npm http fetch GET 200 https://registry.npmjs.org/ansi-styles 50ms (cache revalidated)
npm http fetch GET 200 https://registry.npmjs.org/string-width 66ms (cache revalidated)
npm http fetch GET 200 https://registry.npmjs.org/make-dir 55ms (cache revalidated)
npm http fetch GET 200 https://registry.npmjs.org/graceful-fs 62ms (cache revalidated)
npm http fetch GET 200 https://registry.npmjs.org/decompress-unzip 73ms (cache revalidated)
npm http fetch GET 200 https://registry.npmjs.org/decompress-tarbz2 85ms (cache revalidated)
npm http fetch GET 200 https://registry.npmjs.org/pify 66ms (cache revalidated)
npm http fetch GET 200 https://registry.npmjs.org/graceful-fs 59ms (cache revalidated)
npm http fetch GET 200 https://registry.npmjs.org/jsonfile 58ms (cache revalidated)
npm http fetch GET 200 https://registry.npmjs.org/once 54ms (cache revalidated)
npm http fetch GET 200 https://registry.npmjs.org/universalify 68ms (cache revalidated)
npm http fetch GET 200 https://registry.npmjs.org/@types%2fnode 89ms (cache revalidated)
npm http fetch GET 200 https://registry.npmjs.org/inflight 154ms (cache revalidated)
npm http fetch GET 200 https://registry.npmjs.org/ini 195ms (cache revalidated)
npm http fetch GET 200 https://registry.npmjs.org/inherits 144ms (cache revalidated)
npm http fetch GET 200 https://registry.npmjs.org/minimatch 136ms (cache revalidated)
npm http fetch GET 200 https://registry.npmjs.org/fs.realpath 138ms (cache revalidated)
npm http fetch GET 200 https://registry.npmjs.org/path-is-absolute 69ms (cache revalidated)
npm http fetch GET 200 https://registry.npmjs.org/chokidar 74ms (cache revalidated)
npm http fetch GET 200 https://registry.npmjs.org/diff 77ms (cache revalidated)
npm http fetch GET 200 https://registry.npmjs.org/escape-string-regexp 84ms (cache revalidated)
npm http fetch GET 200 https://registry.npmjs.org/ansi-colors 105ms (cache revalidated)
npm http fetch GET 200 https://registry.npmjs.org/browser-stdout 106ms (cache revalidated)
npm http fetch GET 200 https://registry.npmjs.org/find-up 85ms (cache revalidated)
npm http fetch GET 200 https://registry.npmjs.org/strip-json-comments 56ms (cache revalidated)
npm http fetch GET 200 https://registry.npmjs.org/serialize-javascript 62ms (cache revalidated)
npm http fetch GET 200 https://registry.npmjs.org/ms 77ms (cache revalidated)
npm http fetch GET 200 https://registry.npmjs.org/he 97ms (cache revalidated)
npm http fetch GET 200 https://registry.npmjs.org/js-yaml 94ms (cache revalidated)
npm http fetch GET 200 https://registry.npmjs.org/workerpool 101ms (cache revalidated)
npm http fetch GET 200 https://registry.npmjs.org/yargs-parser 94ms (cache revalidated)
npm http fetch GET 200 https://registry.npmjs.org/event-pubsub 84ms (cache revalidated)
npm http fetch GET 200 https://registry.npmjs.org/ps-tree 633ms (cache revalidated)
npm http fetch GET 200 https://registry.npmjs.org/js-message 96ms (cache revalidated)
npm http fetch GET 200 https://registry.npmjs.org/yargs-unparser 115ms (cache revalidated)
npm http fetch GET 200 https://registry.npmjs.org/js-queue 111ms (cache revalidated)
npm http fetch GET 200 https://registry.npmjs.org/qs 47ms (cache revalidated)
npm http fetch GET 200 https://registry.npmjs.org/aws4 47ms (cache revalidated)
npm http fetch GET 200 https://registry.npmjs.org/isstream 50ms (cache revalidated)
npm http fetch GET 200 https://registry.npmjs.org/form-data 52ms (cache revalidated)
npm http fetch GET 200 https://registry.npmjs.org/extend 78ms (cache revalidated)
npm http fetch GET 200 https://registry.npmjs.org/decompress-tar 636ms (cache revalidated)
npm http fetch GET 200 https://registry.npmjs.org/caseless 76ms (cache revalidated)
npm http fetch GET 200 https://registry.npmjs.org/readdir-glob 717ms (cache revalidated)
npm http fetch GET 200 https://registry.npmjs.org/aws-sign2 72ms (cache revalidated)
npm http fetch GET 200 https://registry.npmjs.org/mime-types 52ms (cache revalidated)
npm http fetch GET 200 https://registry.npmjs.org/oauth-sign 49ms (cache revalidated)
npm http fetch GET 200 https://registry.npmjs.org/decompress-targz 645ms (cache revalidated)
npm http fetch GET 200 https://registry.npmjs.org/safe-buffer 54ms (cache revalidated)
npm http fetch GET 200 https://registry.npmjs.org/tough-cookie 64ms (cache revalidated)
npm http fetch GET 200 https://registry.npmjs.org/forever-agent 59ms (cache revalidated)
npm http fetch GET 200 https://registry.npmjs.org/har-validator 61ms (cache revalidated)
npm http fetch GET 200 https://registry.npmjs.org/is-typedarray 61ms (cache revalidated)
npm http fetch GET 200 https://registry.npmjs.org/combined-stream 64ms (cache revalidated)
npm http fetch GET 200 https://registry.npmjs.org/tunnel-agent 78ms (cache revalidated)
npm http fetch GET 200 https://registry.npmjs.org/http-signature 70ms (cache revalidated)
npm http fetch GET 200 https://registry.npmjs.org/performance-now 73ms (cache revalidated)
npm http fetch GET 200 https://registry.npmjs.org/strip-dirs 686ms (cache revalidated)
npm http fetch GET 200 https://registry.npmjs.org/json-stringify-safe 76ms (cache revalidated)
npm http fetch GET 200 https://registry.npmjs.org/ajv 67ms (cache revalidated)
npm http fetch GET 200 https://registry.npmjs.org/slice-ansi 70ms (cache revalidated)
npm http fetch GET 200 https://registry.npmjs.org/boxen 68ms (cache revalidated)
npm http fetch GET 200 https://registry.npmjs.org/pupa 90ms (cache revalidated)
npm http fetch GET 200 https://registry.npmjs.org/is-npm 87ms (cache revalidated)
npm http fetch GET 200 https://registry.npmjs.org/latest-version 82ms (cache revalidated)
npm http fetch GET 200 https://registry.npmjs.org/cycle 60ms (cache revalidated)
npm http fetch GET 200 https://registry.npmjs.org/colors 57ms (cache revalidated)
npm http fetch GET 200 https://registry.npmjs.org/stack-trace 46ms (cache revalidated)
npm http fetch GET 200 https://registry.npmjs.org/configstore 129ms (cache revalidated)
npm http fetch GET 200 https://registry.npmjs.org/xdg-basedir 121ms (cache revalidated)
npm http fetch GET 200 https://registry.npmjs.org/y18n 66ms (cache revalidated)
npm http fetch GET 200 https://registry.npmjs.org/cliui 49ms (cache revalidated)
npm http fetch GET 200 https://registry.npmjs.org/import-lazy 165ms (cache revalidated)
npm http fetch GET 200 https://registry.npmjs.org/which-module 50ms (cache revalidated)
npm http fetch GET 200 https://registry.npmjs.org/decamelize 69ms (cache revalidated)
npm http fetch GET 200 https://registry.npmjs.org/get-caller-file 53ms (cache revalidated)
npm http fetch GET 200 https://registry.npmjs.org/require-directory 51ms (cache revalidated)
npm http fetch GET 200 https://registry.npmjs.org/require-main-filename 50ms (cache revalidated)
npm http fetch GET 200 https://registry.npmjs.org/set-blocking 107ms (cache revalidated)
npm http fetch GET 200 https://registry.npmjs.org/semver-diff 715ms (cache revalidated)
npm http fetch GET 200 https://registry.npmjs.org/eyes 716ms (cache revalidated)
npm http fetch GET 200 https://registry.npmjs.org/is-in-ci 810ms (cache revalidated)
npm http fetch GET 200 https://registry.npmjs.org/lodash.difference 65ms (cache revalidated)
npm http fetch GET 200 https://registry.npmjs.org/normalize-path 65ms (cache revalidated)
npm http fetch GET 200 https://registry.npmjs.org/util-deprecate 65ms (cache revalidated)
npm http fetch GET 200 https://registry.npmjs.org/end-of-stream 65ms (cache revalidated)
npm http fetch GET 200 https://registry.npmjs.org/lodash.isplainobject 78ms (cache revalidated)
npm http fetch GET 200 https://registry.npmjs.org/bl 74ms (cache revalidated)
npm http fetch GET 200 https://registry.npmjs.org/string_decoder 82ms (cache revalidated)
npm http fetch GET 200 https://registry.npmjs.org/lazystream 106ms (cache revalidated)
npm http fetch GET 200 https://registry.npmjs.org/lodash.flatten 114ms (cache revalidated)
npm http fetch GET 200 https://registry.npmjs.org/lodash.union 129ms (cache revalidated)
npm http fetch GET 200 https://registry.npmjs.org/compress-commons 71ms (cache revalidated)
npm http fetch GET 200 https://registry.npmjs.org/lodash.defaults 727ms (cache revalidated)
npm http fetch GET 200 https://registry.npmjs.org/fs-constants 685ms (cache revalidated)
npm http fetch GET 200 https://registry.npmjs.org/core-util-is 53ms (cache revalidated)
npm http fetch GET 200 https://registry.npmjs.org/process-nextick-args 62ms (cache revalidated)
npm http fetch GET 200 https://registry.npmjs.org/isarray 67ms (cache revalidated)
npm http fetch GET 200 https://registry.npmjs.org/rimraf 47ms (cache revalidated)
npm http fetch GET 200 https://registry.npmjs.org/event-stream 61ms (cache revalidated)
npm http fetch GET 200 https://registry.npmjs.org/color-convert 55ms (cache revalidated)
npm http fetch GET 200 https://registry.npmjs.org/has-flag 57ms (cache revalidated)
npm http fetch GET 200 https://registry.npmjs.org/color-name 39ms (cache revalidated)
npm http fetch GET 200 https://registry.npmjs.org/emoji-regex 43ms (cache revalidated)
npm http fetch GET 200 https://registry.npmjs.org/strip-ansi 45ms (cache revalidated)
npm http fetch GET 200 https://registry.npmjs.org/is-fullwidth-code-point 46ms (cache revalidated)
npm http fetch GET 200 https://registry.npmjs.org/ieee754 61ms (cache revalidated)
npm http fetch GET 200 https://registry.npmjs.org/restore-cursor 67ms (cache revalidated)
npm http fetch GET 200 https://registry.npmjs.org/onetime 71ms (cache revalidated)
npm http fetch GET 200 https://registry.npmjs.org/is-stream 71ms (cache revalidated)
npm http fetch GET 200 https://registry.npmjs.org/lodash.once 81ms (cache revalidated)
npm http fetch GET 200 https://registry.npmjs.org/cross-spawn 74ms (cache revalidated)
npm http fetch GET 200 https://registry.npmjs.org/base64-js 85ms (cache revalidated)
npm http fetch GET 200 https://registry.npmjs.org/signal-exit 81ms (cache revalidated)
npm http fetch GET 200 https://registry.npmjs.org/get-stream 84ms (cache revalidated)
npm http fetch GET 200 https://registry.npmjs.org/@colors%2fcolors 104ms (cache revalidated)
npm http fetch GET 200 https://registry.npmjs.org/merge-stream 101ms (cache revalidated)
npm http fetch GET 200 https://registry.npmjs.org/npm-run-path 48ms (cache revalidated)
npm http fetch GET 200 https://registry.npmjs.org/get-stream 61ms (cache revalidated)
npm http fetch GET 200 https://registry.npmjs.org/human-signals 73ms (cache revalidated)
npm http fetch GET 200 https://registry.npmjs.org/strip-final-newline 71ms (cache revalidated)
npm http fetch GET 200 https://registry.npmjs.org/at-least-node 77ms (cache revalidated)
npm http fetch GET 200 https://registry.npmjs.org/ci-info 75ms (cache revalidated)
npm http fetch GET 200 https://registry.npmjs.org/global-dirs 73ms (cache revalidated)
npm http fetch GET 200 https://registry.npmjs.org/is-path-inside 73ms (cache revalidated)
npm http fetch GET 200 https://registry.npmjs.org/rfdc 61ms (cache revalidated)
npm http fetch GET 200 https://registry.npmjs.org/p-map 61ms (cache revalidated)
npm http fetch GET 200 https://registry.npmjs.org/rxjs 67ms (cache revalidated)
npm http fetch GET 200 https://registry.npmjs.org/colorette 67ms (cache revalidated)
npm http fetch GET 200 https://registry.npmjs.org/is-unicode-supported 71ms (cache revalidated)
npm http fetch GET 200 https://registry.npmjs.org/cli-truncate 75ms (cache revalidated)
npm http fetch GET 200 https://registry.npmjs.org/log-update 79ms (cache revalidated)
npm http fetch GET 200 https://registry.npmjs.org/throttleit 75ms (cache revalidated)
npm http fetch GET 200 https://registry.npmjs.org/fd-slicer 70ms (cache revalidated)
npm http fetch GET 200 https://registry.npmjs.org/through 100ms (cache revalidated)
npm http fetch GET 200 https://registry.npmjs.org/wrap-ansi 95ms (cache revalidated)
npm http fetch GET 200 https://registry.npmjs.org/@types%2fyauzl 168ms (cache revalidated)
npm http fetch GET 200 https://registry.npmjs.org/assert-plus 56ms (cache revalidated)
npm http fetch GET 200 https://registry.npmjs.org/delayed-stream 62ms (cache revalidated)
npm http fetch GET 200 https://registry.npmjs.org/psl 62ms (cache revalidated)
npm http fetch GET 200 https://registry.npmjs.org/mime-db 66ms (cache revalidated)
npm http fetch GET 200 https://registry.npmjs.org/punycode 67ms (cache revalidated)
npm http fetch GET 200 https://registry.npmjs.org/jsprim 75ms (cache revalidated)
npm http fetch GET 200 https://registry.npmjs.org/asynckit 78ms (cache revalidated)
npm http fetch GET 200 https://registry.npmjs.org/sshpk 76ms (cache revalidated)
npm http fetch GET 200 https://registry.npmjs.org/url-parse 74ms (cache revalidated)
npm http fetch GET 200 https://registry.npmjs.org/side-channel 83ms (cache revalidated)
npm http fetch GET 200 https://registry.npmjs.org/dateformat 59ms (cache revalidated)
npm http fetch GET 200 https://registry.npmjs.org/prop-types 63ms (cache revalidated)
npm http fetch GET 200 https://registry.npmjs.org/escape-html 67ms (cache revalidated)
npm http fetch GET 200 https://registry.npmjs.org/lodash.isempty 78ms (cache revalidated)
npm http fetch GET 200 https://registry.npmjs.org/fsu 79ms (cache revalidated)
npm http fetch GET 200 https://registry.npmjs.org/lodash.isobject 84ms (cache revalidated)
npm http fetch GET 200 https://registry.npmjs.org/lodash.isstring 91ms (cache revalidated)
npm http fetch GET 200 https://registry.npmjs.org/lodash.isfunction 99ms (cache revalidated)
npm http fetch GET 200 https://registry.npmjs.org/validator 57ms (cache revalidated)
npm http fetch GET 200 https://registry.npmjs.org/opener 171ms (cache revalidated)
npm http fetch GET 200 https://registry.npmjs.org/tcomb-validation 610ms (cache revalidated)
npm http fetch GET 200 https://registry.npmjs.org/tcomb 705ms (cache revalidated)
npm http fetch GET 200 https://registry.npmjs.org/seek-bzip 125ms (cache revalidated)
npm http fetch GET 200 https://registry.npmjs.org/file-type 659ms (cache revalidated)
npm http fetch GET 200 https://registry.npmjs.org/unbzip2-stream 669ms (cache revalidated)
npm http fetch GET 200 https://registry.npmjs.org/file-type 674ms (cache revalidated)
npm http fetch GET 200 https://registry.npmjs.org/is-natural-number 676ms (cache revalidated)
npm http fetch GET 200 https://registry.npmjs.org/file-type 680ms (cache revalidated)
npm http fetch GET 200 https://registry.npmjs.org/xtend 55ms (cache revalidated)
npm http fetch GET 200 https://registry.npmjs.org/to-buffer 66ms (cache revalidated)
npm http fetch GET 200 https://registry.npmjs.org/buffer-alloc 89ms (cache revalidated)
npm http fetch GET 200 https://registry.npmjs.org/object-assign 49ms (cache revalidated)
npm http fetch GET 200 https://registry.npmjs.org/pinkie-promise 63ms (cache revalidated)
npm http fetch GET 200 https://registry.npmjs.org/ansi-regex 50ms (cache revalidated)
npm http fetch GET 200 https://registry.npmjs.org/pump 52ms (cache revalidated)
npm http fetch GET 200 https://registry.npmjs.org/which 54ms (cache revalidated)
npm http fetch GET 200 https://registry.npmjs.org/shebang-command 57ms (cache revalidated)
npm http fetch GET 200 https://registry.npmjs.org/path-key 58ms (cache revalidated)
npm http fetch GET 200 https://registry.npmjs.org/path-key 63ms (cache revalidated)
npm http fetch GET 200 https://registry.npmjs.org/mimic-fn 89ms (cache revalidated)
npm http fetch GET 200 https://registry.npmjs.org/shebang-regex 52ms (cache revalidated)
npm http fetch GET 200 https://registry.npmjs.org/isexe 58ms (cache revalidated)
npm http fetch GET 200 https://registry.npmjs.org/undici-types 53ms (cache revalidated)
npm http fetch GET 200 https://registry.npmjs.org/pinkie 67ms (cache revalidated)
npm http fetch GET 200 https://registry.npmjs.org/brace-expansion 50ms (cache revalidated)
npm http fetch GET 200 https://registry.npmjs.org/wrappy 53ms (cache revalidated)
npm http fetch GET 200 https://registry.npmjs.org/ecc-jsbn 75ms (cache revalidated)
npm http fetch GET 200 https://registry.npmjs.org/asn1 78ms (cache revalidated)
npm http fetch GET 200 https://registry.npmjs.org/tweetnacl 77ms (cache revalidated)
npm http fetch GET 200 https://registry.npmjs.org/json-schema 83ms (cache revalidated)
npm http fetch GET 200 https://registry.npmjs.org/jsbn 81ms (cache revalidated)
npm http fetch GET 200 https://registry.npmjs.org/dashdash 83ms (cache revalidated)
npm http fetch GET 200 https://registry.npmjs.org/bcrypt-pbkdf 81ms (cache revalidated)
npm http fetch GET 200 https://registry.npmjs.org/safer-buffer 87ms (cache revalidated)
npm http fetch GET 200 https://registry.npmjs.org/verror 90ms (cache revalidated)
npm http fetch GET 200 https://registry.npmjs.org/extsprintf 92ms (cache revalidated)
npm http fetch GET 200 https://registry.npmjs.org/getpass 90ms (cache revalidated)
npm http fetch GET 200 https://registry.npmjs.org/ansi-escapes 52ms (cache revalidated)
npm http fetch GET 200 https://registry.npmjs.org/tslib 57ms (cache revalidated)
npm http fetch GET 200 https://registry.npmjs.org/aggregate-error 66ms (cache revalidated)
npm http fetch GET 200 https://registry.npmjs.org/astral-regex 66ms (cache revalidated)
npm http fetch GET 200 https://registry.npmjs.org/type-fest 63ms (cache revalidated)
npm http fetch GET 200 https://registry.npmjs.org/concat-map 43ms (cache revalidated)
npm http fetch GET 200 https://registry.npmjs.org/balanced-match 61ms (cache revalidated)
npm http fetch GET 200 https://registry.npmjs.org/readdirp 61ms (cache revalidated)
npm http fetch GET 200 https://registry.npmjs.org/anymatch 68ms (cache revalidated)
npm http fetch GET 200 https://registry.npmjs.org/braces 70ms (cache revalidated)
npm http fetch GET 200 https://registry.npmjs.org/argparse 75ms (cache revalidated)
npm http fetch GET 200 https://registry.npmjs.org/fsevents 79ms (cache revalidated)
npm http fetch GET 200 https://registry.npmjs.org/is-binary-path 82ms (cache revalidated)
npm http fetch GET 200 https://registry.npmjs.org/path-exists 81ms (cache revalidated)
npm http fetch GET 200 https://registry.npmjs.org/locate-path 82ms (cache revalidated)
npm http fetch GET 200 https://registry.npmjs.org/is-glob 86ms (cache revalidated)
npm http fetch GET 200 https://registry.npmjs.org/glob-parent 88ms (cache revalidated)
npm http fetch GET 200 https://registry.npmjs.org/randombytes 83ms (cache revalidated)
npm http fetch GET 200 https://registry.npmjs.org/flat 58ms (cache revalidated)
npm http fetch GET 200 https://registry.npmjs.org/escalade 65ms (cache revalidated)
npm http fetch GET 200 https://registry.npmjs.org/camelcase 70ms (cache revalidated)
npm http fetch GET 200 https://registry.npmjs.org/is-plain-obj 70ms (cache revalidated)
npm http fetch GET 200 https://registry.npmjs.org/is-extglob 52ms (cache revalidated)
npm http fetch GET 200 https://registry.npmjs.org/binary-extensions 54ms (cache revalidated)
npm http fetch GET 200 https://registry.npmjs.org/picomatch 53ms (cache revalidated)
npm http fetch GET 200 https://registry.npmjs.org/picomatch 59ms (cache revalidated)
npm http fetch GET 200 https://registry.npmjs.org/fill-range 60ms (cache revalidated)
npm http fetch GET 200 https://registry.npmjs.org/to-regex-range 48ms (cache revalidated)
npm http fetch GET 200 https://registry.npmjs.org/is-number 40ms (cache revalidated)
npm http fetch GET 200 https://registry.npmjs.org/p-locate 38ms (cache revalidated)
npm http fetch GET 200 https://registry.npmjs.org/p-limit 62ms (cache revalidated)
npm http fetch GET 200 https://registry.npmjs.org/loose-envify 41ms (cache revalidated)
npm http fetch GET 200 https://registry.npmjs.org/react-is 53ms (cache revalidated)
npm http fetch GET 200 https://registry.npmjs.org/easy-stack 58ms (cache revalidated)
npm http fetch GET 200 https://registry.npmjs.org/yocto-queue 46ms (cache revalidated)
npm http fetch GET 200 https://registry.npmjs.org/indent-string 45ms (cache revalidated)
npm http fetch GET 200 https://registry.npmjs.org/clean-stack 60ms (cache revalidated)
npm http fetch GET 200 https://registry.npmjs.org/js-tokens 51ms (cache revalidated)
npm http fetch GET 200 https://registry.npmjs.org/from 59ms (cache revalidated)
npm http fetch GET 200 https://registry.npmjs.org/split 70ms (cache revalidated)
npm http fetch GET 200 https://registry.npmjs.org/duplexer 74ms (cache revalidated)
npm http fetch GET 200 https://registry.npmjs.org/pause-stream 83ms (cache revalidated)
npm http fetch GET 200 https://registry.npmjs.org/stream-combiner 99ms (cache revalidated)
npm http fetch GET 200 https://registry.npmjs.org/map-stream 121ms (cache revalidated)
npm http fetch GET 200 https://registry.npmjs.org/object-inspect 51ms (cache revalidated)
npm http fetch GET 200 https://registry.npmjs.org/get-intrinsic 54ms (cache revalidated)
npm http fetch GET 200 https://registry.npmjs.org/call-bind 56ms (cache revalidated)
npm http fetch GET 200 https://registry.npmjs.org/es-errors 58ms (cache revalidated)
npm http fetch GET 200 https://registry.npmjs.org/har-schema 44ms (cache revalidated)
npm http fetch GET 200 https://registry.npmjs.org/json-schema-traverse 52ms (cache revalidated)
npm http fetch GET 200 https://registry.npmjs.org/fast-deep-equal 53ms (cache revalidated)
npm http fetch GET 200 https://registry.npmjs.org/fast-json-stable-stringify 71ms (cache revalidated)
npm http fetch GET 200 https://registry.npmjs.org/uri-js 76ms (cache revalidated)
npm http fetch GET 200 https://registry.npmjs.org/set-function-length 54ms (cache revalidated)
npm http fetch GET 200 https://registry.npmjs.org/hasown 53ms (cache revalidated)
npm http fetch GET 200 https://registry.npmjs.org/es-define-property 58ms (cache revalidated)
npm http fetch GET 200 https://registry.npmjs.org/has-symbols 57ms (cache revalidated)
npm http fetch GET 200 https://registry.npmjs.org/has-proto 60ms (cache revalidated)
npm http fetch GET 200 https://registry.npmjs.org/function-bind 69ms (cache revalidated)
npm http fetch GET 200 https://registry.npmjs.org/define-data-property 41ms (cache revalidated)
npm http fetch GET 200 https://registry.npmjs.org/has-property-descriptors 47ms (cache revalidated)
npm http fetch GET 200 https://registry.npmjs.org/gopd 57ms (cache revalidated)
npm http fetch GET 200 https://registry.npmjs.org/querystringify 43ms (cache revalidated)
npm http fetch GET 200 https://registry.npmjs.org/requires-port 76ms (cache revalidated)
npm http fetch GET 200 https://registry.npmjs.org/widest-line 48ms (cache revalidated)
npm http fetch GET 200 https://registry.npmjs.org/ansi-align 53ms (cache revalidated)
npm http fetch GET 200 https://registry.npmjs.org/write-file-atomic 51ms (cache revalidated)
npm http fetch GET 200 https://registry.npmjs.org/cli-boxes 64ms (cache revalidated)
npm http fetch GET 200 https://registry.npmjs.org/package-json 60ms (cache revalidated)
npm http fetch GET 200 https://registry.npmjs.org/escape-goat 71ms (cache revalidated)
npm http fetch GET 200 https://registry.npmjs.org/dot-prop 76ms (cache revalidated)
npm http fetch GET 200 https://registry.npmjs.org/unique-string 76ms (cache revalidated)
npm http fetch GET 200 https://registry.npmjs.org/eastasianwidth 46ms (cache revalidated)
npm http fetch GET 200 https://registry.npmjs.org/typedarray-to-buffer 56ms (cache revalidated)
npm http fetch GET 200 https://registry.npmjs.org/imurmurhash 59ms (cache revalidated)
npm http fetch GET 200 https://registry.npmjs.org/is-obj 64ms (cache revalidated)
npm http fetch GET 200 https://registry.npmjs.org/crypto-random-string 91ms (cache revalidated)
npm http fetch GET 200 https://registry.npmjs.org/got 44ms (cache revalidated)
npm http fetch GET 200 https://registry.npmjs.org/registry-url 52ms (cache revalidated)
npm http fetch GET 200 https://registry.npmjs.org/registry-auth-token 54ms (cache revalidated)
npm http fetch GET 200 https://registry.npmjs.org/lowercase-keys 52ms (cache revalidated)
npm http fetch GET 200 https://registry.npmjs.org/cacheable-lookup 56ms (cache revalidated)
npm http fetch GET 200 https://registry.npmjs.org/cacheable-request 59ms (cache revalidated)
npm http fetch GET 200 https://registry.npmjs.org/p-cancelable 68ms (cache revalidated)
npm http fetch GET 200 https://registry.npmjs.org/decompress-response 68ms (cache revalidated)
npm http fetch GET 200 https://registry.npmjs.org/responselike 74ms (cache revalidated)
npm http fetch GET 200 https://registry.npmjs.org/http2-wrapper 79ms (cache revalidated)
npm http fetch GET 200 https://registry.npmjs.org/@sindresorhus%2fis 86ms (cache revalidated)
npm http fetch GET 200 https://registry.npmjs.org/@szmarczak%2fhttp-timer 86ms (cache revalidated)
npm http fetch GET 200 https://registry.npmjs.org/rc 42ms (cache revalidated)
npm http fetch GET 200 https://registry.npmjs.org/form-data-encoder 696ms (cache revalidated)
npm http fetch GET 200 https://registry.npmjs.org/@pnpm%2fnpm-conf 839ms (cache revalidated)
npm http fetch GET 200 https://registry.npmjs.org/defer-to-connect 57ms (cache revalidated)
npm http fetch GET 200 https://registry.npmjs.org/normalize-url 57ms (cache revalidated)
npm http fetch GET 200 https://registry.npmjs.org/http-cache-semantics 62ms (cache revalidated)
npm http fetch GET 200 https://registry.npmjs.org/mimic-response 62ms (cache revalidated)
npm http fetch GET 200 https://registry.npmjs.org/mimic-response 63ms (cache revalidated)
npm http fetch GET 200 https://registry.npmjs.org/keyv 65ms (cache revalidated)
npm http fetch GET 200 https://registry.npmjs.org/resolve-alpn 70ms (cache revalidated)
npm http fetch GET 200 https://registry.npmjs.org/@types%2fhttp-cache-semantics 82ms (cache revalidated)
npm http fetch GET 200 https://registry.npmjs.org/quick-lru 86ms (cache revalidated)
npm http fetch GET 200 https://registry.npmjs.org/json-buffer 49ms (cache revalidated)
npm http fetch GET 200 https://registry.npmjs.org/config-chain 49ms (cache revalidated)
npm http fetch GET 200 https://registry.npmjs.org/@pnpm%2fnetwork.ca-file 277ms (cache revalidated)
npm http fetch GET 200 https://registry.npmjs.org/@pnpm%2fconfig.env-replace 662ms (cache revalidated)
npm http fetch GET 200 https://registry.npmjs.org/proto-list 58ms (cache revalidated)
npm http fetch GET 200 https://registry.npmjs.org/deep-extend 48ms (cache revalidated)
npm http fetch GET 200 https://registry.npmjs.org/pend 656ms (cache revalidated)
npm http fetch GET 200 https://registry.npmjs.org/crc32-stream 72ms (cache revalidated)
npm http fetch GET 200 https://registry.npmjs.org/crc-32 86ms (cache revalidated)
npm http fetch GET 200 https://registry.npmjs.org/buffer-alloc-unsafe 91ms (cache revalidated)
npm http fetch GET 200 https://registry.npmjs.org/buffer-fill 106ms (cache revalidated)
npm http fetch GET 200 https://registry.npmjs.org/p-try 46ms (cache revalidated)
npm verb reify failed optional dependency C:\Projetos\pgats\automacao-web-pgats\tmpBstackPackages\node_modules\fsevents
npm http fetch POST 200 https://registry.npmjs.org/-/npm/v1/security/advisories/bulk 789ms
npm WARN deprecated inflight@1.0.6: This module is not supported, and leaks memory. Do not use it. Check out lru-cache if you want a good and tested way to coalesce async requests by a key value, which is much more comprehensive and powerful.
npm WARN deprecated rimraf@2.5.4: Rimraf versions prior to v4 are no longer supported
npm WARN deprecated har-validator@5.1.5: this library is no longer supported
npm WARN deprecated glob@7.2.3: Glob versions prior to v9 are no longer supported
npm WARN deprecated glob@8.1.0: Glob versions prior to v9 are no longer supported
npm WARN deprecated uuid@3.4.0: Please upgrade  to version 7 or higher.  Older versions may use Math.random() in certain circumstances, which is known to be problematic.  See https://v8.dev/blog/math-random for details.
npm WARN deprecated request@2.88.2: request has been deprecated, see https://github.com/request/request/issues/3142
npm info run cypress@13.13.2 postinstall node_modules/cypress node index.js --exec install
npm info run cypress@13.13.2 postinstall { code: 0, signal: null }

added 501 packages, and audited 502 packages in 25s

96 packages are looking for funding
  run `npm fund` for details

3 moderate severity vulnerabilities

To address all issues (including breaking changes), run:
  npm audit fix --force

Run `npm audit` for details.
npm verb exit 0
npm info ok 
